Evaluating file sde_configA.cmd
---> (sde:clear)
()
---> (sde:set-process-up-direction +y)
#f
---> (define Lg 0.032)
Lg
---> (define r_cnt 0.000745)
r_cnt
---> (define t_sio2 0.01)
t_sio2
---> (define t_tin 0.005)
t_tin
---> (define Lsd 0.05)
Lsd
---> (define Lu 0.005)
Lu
---> (define t_sub 0.3)
t_sub
---> (define r_dielectric (+ r_cnt t_sio2))
r_dielectric
---> (define r_tin (+ r_dielectric t_tin))
r_tin
---> (define r_sub (+ r_tin t_sub))
r_sub
---> (define y_gate_top (/ Lg 2.0))
y_gate_top
---> (define y_gate_bot (- 0 (/ Lg 2.0)))
y_gate_bot
---> (define y_ul_top (+ y_gate_top Lu))
y_ul_top
---> (define y_ul_bot (- y_gate_bot Lu))
y_ul_bot
---> (define y_sd_top (+ y_ul_top Lsd))
y_sd_top
---> (define y_sd_bot (- y_ul_bot Lsd))
y_sd_bot
---> (display ========================================)

---> (display Config A: SiO2 Single Layer CNTFET SDE)

---> (display ========================================)

---> (display (string-append   Lg         =  (number->string (* Lg 1000.0))  nm))

---> (display (string-append   r_cnt      =  (number->string (* r_cnt 1000000.0))  nm))

---> (display (string-append   t_SiO2     =  (number->string (* t_sio2 1000.0))  nm))

---> (display (string-append   t_tin      =  (number->string (* t_tin 1000.0))  nm))

---> (display (string-append   t_sub      =  (number->string (* t_sub 1000.0))  nm))

---> (display (string-append   Lu         =  (number->string (* Lu 1000.0))  nm))

---> (display (string-append   Lsd        =  (number->string (* Lsd 1000.0))  nm))

---> (display (string-append   EOT        =  (number->string (* t_sio2 1000.0))  nm (SiO2, eps=3.9)))

---> (display (string-append   y_sd_top   =  (number->string (* y_sd_top 1000.0))  nm))

---> (display (string-append   y_sd_bot   =  (number->string (* y_sd_bot 1000.0))  nm))

---> (display ========================================)

---> (sdegeo:set-default-boolean ABA)
"ABA"
---> (sdegeo:create-rectangle (position 0.0 y_sd_bot 0.0) (position r_sub y_sd_top 0.0) SiO2 R.Substrate)
#[body 9 1]
---> (sdegeo:create-rectangle (position r_dielectric y_gate_bot 0.0) (position r_tin y_gate_top 0.0) TiN R.GateMetal)
#[body 10 1]
---> (sdegeo:create-rectangle (position r_cnt y_gate_bot 0.0) (position r_dielectric y_gate_top 0.0) SiO2 R.GateSiO2)
#[body 11 1]
---> (sdegeo:create-rectangle (position 0.0 y_sd_bot 0.0) (position r_cnt y_sd_top 0.0) CNT_thin_film R.CNTChannel)
#[body 12 1]
---> (sdegeo:define-contact-set source 4.0 0.25 yellow)
()
---> (sdegeo:define-contact-set drain 4.0 0.25 red)
()
---> (sdegeo:define-contact-set gate 4.0 0.25 green)
()
---> (sdegeo:define-contact-set substrate 4.0 0.25 gray)
()
---> (sdegeo:set-current-contact-set source)
""
---> (sdegeo:set-contact (find-edge-id (position (* r_cnt 0.5) y_sd_top 0.0)))
#t
---> (sdegeo:set-current-contact-set drain)
"source"
---> (sdegeo:set-contact (find-edge-id (position (* r_cnt 0.5) y_sd_bot 0.0)))
#t
---> (sdegeo:set-current-contact-set gate)
"drain"
---> (sdegeo:set-contact (find-edge-id (position r_tin 0.0 0.0)))
#t
---> (sdegeo:set-current-contact-set substrate)
"gate"
---> (sdegeo:set-contact (find-edge-id (position r_sub 0.0 0.0)))
#t
---> (sdedr:define-refinement-size Ref.CNT 0.00015 0.002 1e-05 1e-05)
#t
---> (sdedr:define-refinement-region Place.CNT Ref.CNT R.CNTChannel)
#t
---> (sdedr:define-refinement-size Ref.GateSiO2 0.001 0.001 1e-05 1e-05)
#t
---> (sdedr:define-refinement-region Place.GateSiO2 Ref.GateSiO2 R.GateSiO2)
#t
---> (sdedr:define-refinement-size Ref.TiN 0.002 0.005 0.0005 0.0005)
#t
---> (sdedr:define-refinement-region Place.TiN Ref.TiN R.GateMetal)
#t
---> (sdedr:define-refinement-size Ref.Sub 0.05 0.01 0.001 0.001)
#t
---> (sdedr:define-refinement-region Place.Sub Ref.Sub R.Substrate)
#t
---> (define y_edge_w 0.002)
y_edge_w
---> (sdedr:define-refinement-size Ref.GateEdgeS 0.0002 0.0005 1e-05 1e-05)
#t
---> (sdedr:define-refinement-window Win.GateEdgeS Rectangle (position 0.0 (- y_gate_bot y_edge_w) 0.0) (position r_dielectric (+ y_gate_bot y_edge_w) 0.0))
#[body 51 1]
---> (sdedr:define-refinement-placement Place.GateEdgeS Ref.GateEdgeS Win.GateEdgeS)
("Place.GateEdgeS")
---> (sdedr:define-refinement-size Ref.GateEdgeD 0.0002 0.0005 1e-05 1e-05)
#t
---> (sdedr:define-refinement-window Win.GateEdgeD Rectangle (position 0.0 (- y_gate_top y_edge_w) 0.0) (position r_dielectric (+ y_gate_top y_edge_w) 0.0))
#[body 52 1]
---> (sdedr:define-refinement-placement Place.GateEdgeD Ref.GateEdgeD Win.GateEdgeD)
("Place.GateEdgeD")
---> (sdesnmesh:axisaligned yCuts (list y_gate_bot y_gate_top y_ul_bot y_ul_top y_sd_bot y_sd_top))
#t
---> (sdesnmesh:axisaligned xCuts (list r_cnt r_dielectric r_tin))
#t
---> (sde:build-mesh structure_configA)
#t
---> (sde:save-model sde_cntfet_configA)
0
---> (display 
========================================)

---> (display Config A SDE construction COMPLETE)

---> (display ========================================)

---> (display   Meshed structure: structure_configA_msh.tdr)

---> (display   Boundary file:    structure_configA_bnd.tdr)

---> (display ========================================)

---> #[end-of-file]
"************************************************************************"
"Sentaurus Structure Editor "
"Start Time:    Mon Apr 27 14:26:34 2026"
"End   Time:    Mon Apr 27 14:26:42 2026"
"Total Execution Time (sec):    8"
"Total System calls Time (sec): 0"
"************************************************************************"
