Using total concentrations for net doping
** Generating 2d grid **

Creating binary tree...done.
Imprinting binary tree on the boundary...done.
Optimizing boundary nodes...done.

Number of vertices after binary tree generation : 
  4794 (tree) + 543 (boundary)

** Delaunizing the mesh **

Creating delaunizer input...done.
Solving edges...done 
Optimizing elements...done. (4798 vertices)
Fixing diagonals...done.

The final mesh has: 
    4794 points.
    9378 elements.
       8 regions.
Max. connectivity = 9 located at (0.010745;0.0335)


==============================  tri-grid quality  ================================
    0  10  20  30  40  50  60  70  80  90 100 110 120 130 140 150 160 170 180
 %    4   6   4  16   3   4  18   4   6  36          .                     
---------------------------------------------------------------------------------
minAngle: 3.41079  maxAngle: 123.69
nVerts = 4794  nTris = 9378  nMats = 4
max connectivity (tris per node): 9 [near (0.010745 0.0335)]
bmin: -0 -0.071
bmax: 0.315745 0.071
min edgeLength: 9.3125e-05  [near (4.65625e-05 -0.0694375)]
min volume: 1.16406e-08  max volume: 0.00015  Total volume: 0.0448358
bbox  volume: 0.0448358
Are all boundaries on bbox? true
=================================================================================

Smallest region: R.CNTChannel  Total volume: 0.00010579
Interpolating data...done.
Saving file structure_configA_msh.tdr...done.

===============================  Timer Report===================================
              Total Mesh Generation Time:     0.186s       100%
                       Rate of #Vertices:  2.58e+04
                          Rate of #Edges:  5.36e+04
                          Rate of #Faces:  5.05e+04
                       Rate of #Elements:         0

                            Time Covered:         0s         0%

